<?xml version="1.0" encoding="UTF-8"?>
<!-- Generated by org.testng.reporters.JUnitXMLReporter -->
<testsuite hostname="Mirats-MacBook-Pro.local" ignored="0" name="/Users/miratrahmanov/AppiumFramework/Java/PageObjectModel" tests="12" failures="0" timestamp="2020-07-31T20:35:06 CDT" time="28.753" errors="0">
  <testcase name="loginPageLoginTest1" time="4.885" classname="org.pom.testcases.LoginPageTest"/>
  <testcase name="loginPageLoginTest2" time="5.311" classname="org.pom.testcases.LoginPageTest"/>
  <testcase name="loginPageLoginTest" time="6.471" classname="org.pom.testcases.LoginPageTest"/>
  <testcase name="loginPageLoginTest3" time="7.276" classname="org.pom.testcases.LoginPageTest"/>
  <testcase name="loginPageTitleTest" time="0.014" classname="org.pom.testcases.LoginPageTest"/>
  <testcase name="loginPageTitleTest1" time="0.058" classname="org.pom.testcases.LoginPageTest"/>
  <testcase name="loginPageTitleTest2" time="0.017" classname="org.pom.testcases.LoginPageTest"/>
  <testcase name="loginPageTitleTest3" time="0.005" classname="org.pom.testcases.LoginPageTest"/>
  <testcase name="loginPageValidateCRMImageTest" time="0.028" classname="org.pom.testcases.LoginPageTest"/>
  <testcase name="loginPageValidateCRMImageTest2" time="0.064" classname="org.pom.testcases.LoginPageTest"/>
  <testcase name="loginPageValidateCRMImageTest3" time="0.029" classname="org.pom.testcases.LoginPageTest"/>
  <testcase name="loginPageValidateCRMImageTest1" time="0.037" classname="org.pom.testcases.LoginPageTest"/>
</testsuite> <!-- /Users/miratrahmanov/AppiumFramework/Java/PageObjectModel -->
